\BOOKMARK [0][-]{chapter.1}{Présentation du sujet}{}% 1
\BOOKMARK [1][-]{section.1.1}{Sujet}{chapter.1}% 2
\BOOKMARK [0][-]{chapter.2}{LoRaWAN}{}% 3
\BOOKMARK [1][-]{subsection.2.0.1}{Convention\040de\040nommage\040}{chapter.2}% 4
\BOOKMARK [2][-]{subsection.2.0.2}{LPWAN}{subsection.2.0.1}% 5
\BOOKMARK [2][-]{subsection.2.0.3}{LoRaWAN}{subsection.2.0.1}% 6
\BOOKMARK [3][-]{subsubsection.2.0.3.1}{LoRa\040Alliance}{subsection.2.0.3}% 7
\BOOKMARK [3][-]{subsubsection.2.0.3.2}{Les différentes couches d'un réseaux LoRaWAN}{subsection.2.0.3}% 8
\BOOKMARK [3][-]{subsubsection.2.0.3.3}{Différence entre le LoRa et LoRaWAN}{subsection.2.0.3}% 9
\BOOKMARK [3][-]{subsubsection.2.0.3.4}{Architecture d'un réseaux LoRaWAN}{subsection.2.0.3}% 10
\BOOKMARK [3][-]{subsubsection.2.0.3.5}{Sécurité d'un réseaux LoRaWAN}{subsection.2.0.3}% 11
\BOOKMARK [0][-]{chapter.3}{Solutions}{}% 12
\BOOKMARK [1][-]{section.3.1}{Algorithme}{chapter.3}% 13
\BOOKMARK [2][-]{subsection.3.1.1}{les\040messages\040IN\040->\040LGW}{section.3.1}% 14
\BOOKMARK [2][-]{subsection.3.1.2}{les\040messages\040LGW\040->\040IN}{section.3.1}% 15
\BOOKMARK [1][-]{section.3.2}{Liste des fonctions utilisées}{chapter.3}% 16
\BOOKMARK [2][-]{subsection.3.2.1}{Fonction d'émission}{section.3.2}% 17
\BOOKMARK [2][-]{subsection.3.2.2}{Fonction de réception}{section.3.2}% 18
\BOOKMARK [1][-]{section.3.3}{Algorithme\0401\040-\0401}{chapter.3}% 19
\BOOKMARK [2][-]{subsection.3.3.1}{Algorithme\040des\040IN}{section.3.3}% 20
\BOOKMARK [2][-]{subsection.3.3.2}{Algorithme\040des\040LGW}{section.3.3}% 21
\BOOKMARK [2][-]{subsection.3.3.3}{Algorithme\040k/1\040:\040k\040IN\040<->\0401\040LGW}{section.3.3}% 22
\BOOKMARK [1][-]{section.3.4}{Chronogrammes}{chapter.3}% 23
\BOOKMARK [2][-]{subsection.3.4.1}{Phase de découverte et d'enregistrement}{section.3.4}% 24
\BOOKMARK [3][-]{subsubsection.3.4.1.1}{Coté Isolated node}{subsection.3.4.1}% 25
\BOOKMARK [3][-]{subsubsection.3.4.1.2}{Coté LoRa Gateway}{subsection.3.4.1}% 26
\BOOKMARK [3][-]{subsubsection.3.4.1.3}{Coté LoRaWAN Gateway}{subsection.3.4.1}% 27
\BOOKMARK [2][-]{subsection.3.4.2}{Phase\040de\040collecte}{section.3.4}% 28
\BOOKMARK [3][-]{subsubsection.3.4.2.1}{Coté Isolated node}{subsection.3.4.2}% 29
\BOOKMARK [3][-]{subsubsection.3.4.2.2}{Coté LoRa Gateway}{subsection.3.4.2}% 30
\BOOKMARK [3][-]{subsubsection.3.4.2.3}{Coté LoRaWAN Gateway}{subsection.3.4.2}% 31
\BOOKMARK [0][-]{chapter.4}{Simulation}{}% 32
\BOOKMARK [1][-]{section.4.1}{Le\040simulateur\040:\040Omnet++}{chapter.4}% 33
\BOOKMARK [1][-]{section.4.2}{Génération des graphes}{chapter.4}% 34
\BOOKMARK [1][-]{section.4.3}{Représentation des échanges radio}{chapter.4}% 35
\BOOKMARK [1][-]{section.4.4}{Exemples\040de\040simulations\040graphiques}{chapter.4}% 36
\BOOKMARK [2][-]{subsection.4.4.1}{Simulation\040sur\040une\040chaine}{section.4.4}% 37
\BOOKMARK [2][-]{subsection.4.4.2}{Simulation\040avec\0403\040IN\040sur\040une\040LGW}{section.4.4}% 38
\BOOKMARK [2][-]{subsection.4.4.3}{Simulation à plus grande echelle }{section.4.4}% 39
\BOOKMARK [2][-]{subsection.4.4.4}{Générations des graphes}{section.4.4}% 40
\BOOKMARK [2][-]{subsection.4.4.5}{Résultats}{section.4.4}% 41
\BOOKMARK [0][-]{chapter.5}{Programmation}{}% 42
\BOOKMARK [0][-]{chapter.6}{Complément}{}% 43
\BOOKMARK [0][-]{chapter.7}{Bilan}{}% 44
\BOOKMARK [-1][-]{part*.18}{Annexes}{}% 45
